c:\users\canary\source\repos\myarkdriver\myarkdriver\debug\vc142.pdb
c:\users\canary\source\repos\myarkdriver\myarkdriver\debug\tool.obj
c:\users\canary\source\repos\myarkdriver\myarkdriver\debug\kernelfunction.obj
c:\users\canary\source\repos\myarkdriver\myarkdriver\debug\driver.obj
c:\users\canary\source\repos\myarkdriver\myarkdriver\debug\data.obj
c:\users\canary\source\repos\myarkdriver\debug\myarkdriver\myarkdriver.cat
c:\users\canary\source\repos\myarkdriver\debug\myarkdriver.sys
c:\users\canary\source\repos\myarkdriver\debug\myarkdriver.pdb
c:\users\canary\source\repos\myarkdriver\myarkdriver\debug\myarkdriver.inf
c:\users\canary\source\repos\myarkdriver\debug\myarkdriver.cer
c:\users\canary\source\repos\myarkdriver\debug\myarkdriver.inf
c:\users\canary\source\repos\myarkdriver\myarkdriver\debug\myarkdriver.tlog\cl.command.1.tlog
c:\users\canary\source\repos\myarkdriver\myarkdriver\debug\myarkdriver.tlog\cl.read.1.tlog
c:\users\canary\source\repos\myarkdriver\myarkdriver\debug\myarkdriver.tlog\cl.write.1.tlog
c:\users\canary\source\repos\myarkdriver\myarkdriver\debug\myarkdriver.tlog\inf2cat-expand.28092.read.1.tlog
c:\users\canary\source\repos\myarkdriver\myarkdriver\debug\myarkdriver.tlog\inf2cat-expand.28092.write.1.tlog
c:\users\canary\source\repos\myarkdriver\myarkdriver\debug\myarkdriver.tlog\inf2cat-expand.read.1.tlog
c:\users\canary\source\repos\myarkdriver\myarkdriver\debug\myarkdriver.tlog\inf2cat-expand.write.1.tlog
c:\users\canary\source\repos\myarkdriver\myarkdriver\debug\myarkdriver.tlog\inf2cat.command.1.tlog
c:\users\canary\source\repos\myarkdriver\myarkdriver\debug\myarkdriver.tlog\inf2cat.read.1.tlog
c:\users\canary\source\repos\myarkdriver\myarkdriver\debug\myarkdriver.tlog\inf2cat.write.1.tlog
c:\users\canary\source\repos\myarkdriver\myarkdriver\debug\myarkdriver.tlog\link.command.1.tlog
c:\users\canary\source\repos\myarkdriver\myarkdriver\debug\myarkdriver.tlog\link.read.1.tlog
c:\users\canary\source\repos\myarkdriver\myarkdriver\debug\myarkdriver.tlog\link.write.1.tlog
c:\users\canary\source\repos\myarkdriver\myarkdriver\debug\myarkdriver.tlog\signtool.command.1.tlog
c:\users\canary\source\repos\myarkdriver\myarkdriver\debug\myarkdriver.tlog\signtool.read.1.tlog
c:\users\canary\source\repos\myarkdriver\myarkdriver\debug\myarkdriver.tlog\signtool.timestamp.1.tlog
c:\users\canary\source\repos\myarkdriver\myarkdriver\debug\myarkdriver.tlog\signtool.write.1.tlog
c:\users\canary\source\repos\myarkdriver\myarkdriver\debug\myarkdriver.tlog\stampinf.command.1.tlog
c:\users\canary\source\repos\myarkdriver\myarkdriver\debug\myarkdriver.tlog\stampinf.read.1.tlog
c:\users\canary\source\repos\myarkdriver\myarkdriver\debug\myarkdriver.tlog\stampinf.write.1.tlog
